<?xml version="1.0" encoding="UTF-8"?>
<!-- Generated by org.testng.reporters.JUnitXMLReporter -->
<testsuite hostname="erincon" name="SafariTest" tests="1" failures="0" timestamp="12 Apr 2016 00:54:02 GMT" time="0.009" errors="0">
  <testcase name="@BeforeTest setup" time="0.0" classname="firsttestngpackage.XBrowser">
    <failure type="java.lang.Exception" message="Browser is not correct">
      <![CDATA[java.lang.Exception: Browser is not correct
	at firsttestngpackage.XBrowser.setup(XBrowser.java:46)
	at java.util.concurrent.FutureTask.run(FutureTask.java:266)
	at java.util.concurrent.ThreadPoolExecutor.runWorker(ThreadPoolExecutor.java:1142)
	at java.util.concurrent.ThreadPoolExecutor$Worker.run(ThreadPoolExecutor.java:617)
	at java.lang.Thread.run(Thread.java:745)
... Removed 14 stack frames]]>
    </failure>
  </testcase> <!-- @BeforeTest setup -->
  <testcase name="XBrowserTest" time="0.001" classname="firsttestngpackage.XBrowser">
    <skipped/>
  </testcase> <!-- XBrowserTest -->
</testsuite> <!-- SafariTest -->
